Relax on division constraints...
************************
Settings are:
	StatesShareWeights: true
	AllowPartialMergerAppearance: false
	AllowLengthOneTracks: false
	RequireSeparateChildrenOfDivision: true
	NonNegativeWeightsOnly: false
	OptimizerEpGap: 0.01
	OptimizerVerbose: true
	OptimizerNumThreads: 1
************************
	contains 21 segmentation hypotheses
	contains 42 linking hypotheses
	contains 0 division hypotheses
	contains 0 exclusions
Iteration number 1: Solving without any division constraints...
Initializing opengm model...
No division constraints used
No merger constraints used
Model has 329 indicator variables
Using gurobi optimizer
Academic license - for non-commercial use only
begin: value 6469.4 bound -inf
Optimize a model with 175 rows, 329 columns and 714 nonzeros
Variable types: 0 continuous, 329 integer (329 binary)
Coefficient statistics:
  Matrix range     [1e+00, 2e+00]
  Objective range  [5e-11, 1e+03]
  Bounds range     [1e+00, 1e+00]
  RHS range        [1e+00, 1e+00]
Found heuristic solution: objective 6469.4
Presolve removed 63 rows and 139 columns
Presolve time: 0.00s
Presolved: 112 rows, 190 columns, 485 nonzeros
Variable types: 0 continuous, 190 integer (190 binary)

Root relaxation: objective 9.638935e+02, 17 iterations, 0.00 seconds

    Nodes    |    Current Node    |     Objective Bounds      |     Work
 Expl Unexpl |  Obj  Depth IntInf | Incumbent    BestBd   Gap | It/Node Time

     0     0  963.89352    0   13 6469.40231  963.89352  85.1%     -    0s
H    0     0                    3295.9585329  963.89352  70.8%     -    0s
H    0     0                    1277.7792264  963.89352  24.6%     -    0s
*    0     0               0     963.8934537  963.89345  0.00%     -    0s
     0     0          -    0       963.89345  963.89345  0.00%     -    0s

Cutting planes:
  Gomory: 13
  Cover: 20
  Clique: 14

Explored 1 nodes (31 simplex iterations) in 0.01 seconds
Thread count was 1 (of 4 available processors)

Solution count 4: 963.893 1277.78 3295.96 6469.4 

Optimal solution found (tolerance 1.00e-02)
Best objective 9.638934537228e+02, best bound 9.638934537227e+02, gap 0.0000%
step: 1 value 963.893 bound 963.893
value 963.893 bound 963.893
solution has energy: 963.893
Solving time: 0.00727685
Checking solution...
Divisions: 1
divCount: 0
divCountNew: 0
Is solution valid? yes
Number of iterations: 1
Found valid solution? yes
